<?xml version="1.0" encoding="UTF-8"?>
<!-- Generated by org.testng.reporters.JUnitReportReporter -->
<testsuite hostname="DESKTOP-T2MM1GM" failures="0" tests="1" name="ssg123.DynamicJson" time="4.995" errors="0" timestamp="2022-11-01T16:56:50 IST" skipped="0">
  <testcase classname="ssg123.DynamicJson" name="addBook" time="4.995"/>
  <system-out/>
</testsuite> <!-- ssg123.DynamicJson -->
