<?xml version="1.0" encoding="UTF-8"?>
<!-- Generated by org.testng.reporters.JUnitReportReporter -->
<testsuite hostname="DESKTOP-T2MM1GM" failures="0" tests="1" name="ssg123.ValidationTestNG" time="1.632" errors="0" timestamp="2023-02-01T11:04:50 IST" skipped="0">
  <testcase classname="ssg123.ValidationTestNG" name="sumofcourses" time="1.632"/>
  <system-out/>
</testsuite> <!-- ssg123.ValidationTestNG -->
